# JRE version: Java(TM) SE Runtime Environment (7.0_79-b15) (build 1.7.0_79-b15)
# Java VM: Java HotSpot(TM) 64-Bit Server VM (24.79-b02 mixed mode bsd-amd64 compressed oops)
Heap
 PSYoungGen      total 615936K, used 383811K [0x00000007d5500000, 0x00000007ff300000, 0x0000000800000000)
  eden space 551936K, 69% used [0x00000007d5500000,0x00000007ecbd0ca8,0x00000007f7000000)
  from space 64000K, 0% used [0x00000007fb480000,0x00000007fb480000,0x00000007ff300000)
  to   space 67072K, 0% used [0x00000007f7000000,0x00000007f7000000,0x00000007fb180000)
 ParOldGen       total 167936K, used 57963K [0x0000000780000000, 0x000000078a400000, 0x00000007d5500000)
  object space 167936K, 34% used [0x0000000780000000,0x000000078389ad90,0x000000078a400000)
 PSPermGen       total 83968K, used 81092K [0x000000077ae00000, 0x0000000780000000, 0x0000000780000000)
  object space 83968K, 96% used [0x000000077ae00000,0x000000077fd31208,0x0000000780000000)
GC Heap History (10 events):
Event: 1278.351 GC heap before
{Heap before GC invocations=15 (full 3):
 PSYoungGen      total 625152K, used 550912K [0x00000007d5500000, 0x0000000800000000, 0x0000000800000000)
  eden space 550912K, 100% used [0x00000007d5500000,0x00000007f6f00000,0x00000007f6f00000)
  from space 74240K, 0% used [0x00000007f6f00000,0x00000007f6f00000,0x00000007fb780000)
  to   space 73216K, 0% used [0x00000007fb880000,0x00000007fb880000,0x0000000800000000)
 ParOldGen       total 167936K, used 40690K [0x0000000780000000, 0x000000078a400000, 0x00000007d5500000)
  object space 167936K, 24% used [0x0000000780000000,0x00000007827bc8a0,0x000000078a400000)
 PSPermGen       total 83968K, used 64241K [0x000000077ae00000, 0x0000000780000000, 0x0000000780000000)
  object space 83968K, 76% used [0x000000077ae00000,0x000000077ecbc688,0x0000000780000000)
Event: 1278.455 GC heap after
Heap after GC invocations=15 (full 3):
 PSYoungGen      total 625152K, used 40993K [0x00000007d5500000, 0x0000000800000000, 0x0000000800000000)
  eden space 551936K, 0% used [0x00000007d5500000,0x00000007d5500000,0x00000007f7000000)
  from space 73216K, 55% used [0x00000007fb880000,0x00000007fe088400,0x0000000800000000)
  to   space 73728K, 0% used [0x00000007f7000000,0x00000007f7000000,0x00000007fb800000)
 ParOldGen       total 167936K, used 40690K [0x0000000780000000, 0x000000078a400000, 0x00000007d5500000)
  object space 167936K, 24% used [0x0000000780000000,0x00000007827bc8a0,0x000000078a400000)
 PSPermGen       total 83968K, used 64241K [0x000000077ae00000, 0x0000000780000000, 0x0000000780000000)
  object space 83968K, 76% used [0x000000077ae00000,0x000000077ecbc688,0x0000000780000000)
}
Event: 1280.005 GC heap before
{Heap before GC invocations=16 (full 3):
 PSYoungGen      total 625152K, used 171800K [0x00000007d5500000, 0x0000000800000000, 0x0000000800000000)
  eden space 551936K, 23% used [0x00000007d5500000,0x00000007dd4bdc68,0x00000007f7000000)
  from space 73216K, 55% used [0x00000007fb880000,0x00000007fe088400,0x0000000800000000)
  to   space 73728K, 0% used [0x00000007f7000000,0x00000007f7000000,0x00000007fb800000)
 ParOldGen       total 167936K, used 40690K [0x0000000780000000, 0x000000078a400000, 0x00000007d5500000)
  object space 167936K, 24% used [0x0000000780000000,0x00000007827bc8a0,0x000000078a400000)
 PSPermGen       total 83968K, used 65397K [0x000000077ae00000, 0x0000000780000000, 0x0000000780000000)
  object space 83968K, 77% used [0x000000077ae00000,0x000000077eddd6d8,0x0000000780000000)
Event: 1280.053 GC heap after
Heap after GC invocations=16 (full 3):
 PSYoungGen      total 576000K, used 23736K [0x00000007d5500000, 0x00000007ff900000, 0x0000000800000000)
  eden space 551936K, 0% used [0x00000007d5500000,0x00000007d5500000,0x00000007f7000000)
  from space 24064K, 98% used [0x00000007f7000000,0x00000007f872e3b8,0x00000007f8780000)
  to   space 70144K, 0% used [0x00000007fb480000,0x00000007fb480000,0x00000007ff900000)
 ParOldGen       total 167936K, used 40698K [0x0000000780000000, 0x000000078a400000, 0x00000007d5500000)
  object space 167936K, 24% used [0x0000000780000000,0x00000007827be8a0,0x000000078a400000)
 PSPermGen       total 83968K, used 65397K [0x000000077ae00000, 0x0000000780000000, 0x0000000780000000)
  object space 83968K, 77% used [0x000000077ae00000,0x000000077eddd6d8,0x0000000780000000)
}
Event: 1280.053 GC heap before
{Heap before GC invocations=17 (full 4):
 PSYoungGen      total 576000K, used 23736K [0x00000007d5500000, 0x00000007ff900000, 0x0000000800000000)
  eden space 551936K, 0% used [0x00000007d5500000,0x00000007d5500000,0x00000007f7000000)
  from space 24064K, 98% used [0x00000007f7000000,0x00000007f872e3b8,0x00000007f8780000)
  to   space 70144K, 0% used [0x00000007fb480000,0x00000007fb480000,0x00000007ff900000)
 ParOldGen       total 167936K, used 40698K [0x0000000780000000, 0x000000078a400000, 0x00000007d5500000)
  object space 167936K, 24% used [0x0000000780000000,0x00000007827be8a0,0x000000078a400000)
 PSPermGen       total 83968K, used 65397K [0x000000077ae00000, 0x0000000780000000, 0x0000000780000000)
  object space 83968K, 77% used [0x000000077ae00000,0x000000077eddd6d8,0x0000000780000000)
Event: 1280.522 GC heap after
Heap after GC invocations=17 (full 4):
 PSYoungGen      total 576000K, used 0K [0x00000007d5500000, 0x00000007ff900000, 0x0000000800000000)
  eden space 551936K, 0% used [0x00000007d5500000,0x00000007d5500000,0x00000007f7000000)
  from space 24064K, 0% used [0x00000007f7000000,0x00000007f7000000,0x00000007f8780000)
  to   space 70144K, 0% used [0x00000007fb480000,0x00000007fb480000,0x00000007ff900000)
 ParOldGen       total 167936K, used 57833K [0x0000000780000000, 0x000000078a400000, 0x00000007d5500000)
  object space 167936K, 34% used [0x0000000780000000,0x000000078387a648,0x000000078a400000)
 PSPermGen       total 83968K, used 65201K [0x000000077ae00000, 0x0000000780000000, 0x0000000780000000)
  object space 83968K, 77% used [0x000000077ae00000,0x000000077edac750,0x0000000780000000)
}
Event: 2365.063 GC heap before
{Heap before GC invocations=18 (full 4):
 PSYoungGen      total 576000K, used 248559K [0x00000007d5500000, 0x00000007ff900000, 0x0000000800000000)
  eden space 551936K, 45% used [0x00000007d5500000,0x00000007e47bbe58,0x00000007f7000000)
  from space 24064K, 0% used [0x00000007f7000000,0x00000007f7000000,0x00000007f8780000)
  to   space 70144K, 0% used [0x00000007fb480000,0x00000007fb480000,0x00000007ff900000)
 ParOldGen       total 167936K, used 57833K [0x0000000780000000, 0x000000078a400000, 0x00000007d5500000)
  object space 167936K, 34% used [0x0000000780000000,0x000000078387a648,0x000000078a400000)
 PSPermGen       total 83968K, used 72478K [0x000000077ae00000, 0x0000000780000000, 0x0000000780000000)
  object space 83968K, 86% used [0x000000077ae00000,0x000000077f4c7bb0,0x0000000780000000)
Event: 2365.122 GC heap after
Heap after GC invocations=18 (full 4):
 PSYoungGen      total 615936K, used 22303K [0x00000007d5500000, 0x00000007ff300000, 0x0000000800000000)
  eden space 551936K, 0% used [0x00000007d5500000,0x00000007d5500000,0x00000007f7000000)
  from space 64000K, 34% used [0x00000007fb480000,0x00000007fca47d00,0x00000007ff300000)
  to   space 67072K, 0% used [0x00000007f7000000,0x00000007f7000000,0x00000007fb180000)
 ParOldGen       total 167936K, used 57833K [0x0000000780000000, 0x000000078a400000, 0x00000007d5500000)
  object space 167936K, 34% used [0x0000000780000000,0x000000078387a648,0x000000078a400000)
 PSPermGen       total 83968K, used 72478K [0x000000077ae00000, 0x0000000780000000, 0x0000000780000000)
  object space 83968K, 86% used [0x000000077ae00000,0x000000077f4c7bb0,0x0000000780000000)
}
Event: 2365.122 GC heap before
{Heap before GC invocations=19 (full 5):
 PSYoungGen      total 615936K, used 22303K [0x00000007d5500000, 0x00000007ff300000, 0x0000000800000000)
  eden space 551936K, 0% used [0x00000007d5500000,0x00000007d5500000,0x00000007f7000000)
  from space 64000K, 34% used [0x00000007fb480000,0x00000007fca47d00,0x00000007ff300000)
  to   space 67072K, 0% used [0x00000007f7000000,0x00000007f7000000,0x00000007fb180000)
 ParOldGen       total 167936K, used 57833K [0x0000000780000000, 0x000000078a400000, 0x00000007d5500000)
  object space 167936K, 34% used [0x0000000780000000,0x000000078387a648,0x000000078a400000)
 PSPermGen       total 83968K, used 72478K [0x000000077ae00000, 0x0000000780000000, 0x0000000780000000)
  object space 83968K, 86% used [0x000000077ae00000,0x000000077f4c7bb0,0x0000000780000000)
Event: 2366.325 GC heap after
Heap after GC invocations=19 (full 5):
 PSYoungGen      total 615936K, used 0K [0x00000007d5500000, 0x00000007ff300000, 0x0000000800000000)
  eden space 551936K, 0% used [0x00000007d5500000,0x00000007d5500000,0x00000007f7000000)
  from space 64000K, 0% used [0x00000007fb480000,0x00000007fb480000,0x00000007ff300000)
  to   space 67072K, 0% used [0x00000007f7000000,0x00000007f7000000,0x00000007fb180000)
 ParOldGen       total 167936K, used 57963K [0x0000000780000000, 0x000000078a400000, 0x00000007d5500000)
  object space 167936K, 34% used [0x0000000780000000,0x000000078389ad90,0x000000078a400000)
 PSPermGen       total 83968K, used 71842K [0x000000077ae00000, 0x0000000780000000, 0x0000000780000000)
  object space 83968K, 85% used [0x000000077ae00000,0x000000077f428a50,0x0000000780000000)
}

